second log
error nginx is too big
error nginx is too big
error redis is too big
error microbox/etcd is too big
error microbox/etcd is too big
error microbox/etcd is too big 
error microbox/etcd is too big 
error microbox/etcd is too big 
error microbox/etcd is too big 
error microbox/etcd is too big 
error microbox/etcd is too big 
error microbox/etcd is too big 
error microbox/etcd is too big 
error microbox/etcd is too big 
error microbox/etcd is too big 
error microbox/etcd is too big 
error microbox/etcd is too big 
error microbox/etcd is too big 
error microbox/etcd is too big 
error microbox/etcd is too big 
error microbox/etcd is too big 17660
